<?xml version="1.0" encoding="UTF-8"?>
<!-- Generated by org.testng.reporters.JUnitReportReporter -->
<testsuite skipped="19" hostname="DESKTOP-KAC3CU8" name="pageTestCases.EditContractsTests" tests="22" failures="0" timestamp="11 May 2019 16:36:01 GMT" time="28.766" errors="1">
  <testcase name="loginTest" time="11.739" classname="pageTestCases.EditContractsTests"/>
  <testcase name="gotoContractsListingScreen" time="2.698" classname="pageTestCases.EditContractsTests"/>
  <testcase name="gotoEditContractScreen" time="14.329" classname="pageTestCases.EditContractsTests">
    <error type="org.openqa.selenium.WebDriverException" message="Failed to decode response from marionette
Build info: version: &#039;3.14.0&#039;, revision: &#039;aacccce0&#039;, time: &#039;2018-08-02T20:19:58.91Z&#039;
System info: host: &#039;DESKTOP-KAC3CU8&#039;, ip: &#039;192.168.1.8&#039;, os.name: &#039;Windows 10&#039;, os.arch: &#039;amd64&#039;, os.version: &#039;10.0&#039;, java.version: &#039;1.8.0_181&#039;
Driver info: org.openqa.selenium.firefox.FirefoxDriver
Capabilities {acceptInsecureCerts: true, browserName: firefox, browserVersion: 66.0.3, javascriptEnabled: true, moz:accessibilityChecks: false, moz:geckodriverVersion: 0.22.0, moz:headless: false, moz:processID: 1312, moz:profile: C:\Users\subh\AppData\Local..., moz:shutdownTimeout: 60000, moz:useNonSpecCompliantPointerOrigin: false, moz:webdriverClick: true, pageLoadStrategy: normal, platform: WINDOWS, platformName: WINDOWS, platformVersion: 10.0, rotatable: false, setWindowRect: true, strictFileInteractability: false, timeouts: {implicit: 0, pageLoad: 300000, script: 30000}, unhandledPromptBehavior: dismiss and notify}
Session ID: 5b199f6b-1f7e-45d8-961b-472ff4fe98d3
*** Element info: {Using=xpath, value=//div[@class=&#039;heading&#039; and contains(text(),&#039;Add Contract&#039;)]}">
      <![CDATA[org.openqa.selenium.WebDriverException: Failed to decode response from marionette
Build info: version: '3.14.0', revision: 'aacccce0', time: '2018-08-02T20:19:58.91Z'
System info: host: 'DESKTOP-KAC3CU8', ip: '192.168.1.8', os.name: 'Windows 10', os.arch: 'amd64', os.version: '10.0', java.version: '1.8.0_181'
Driver info: org.openqa.selenium.firefox.FirefoxDriver
Capabilities {acceptInsecureCerts: true, browserName: firefox, browserVersion: 66.0.3, javascriptEnabled: true, moz:accessibilityChecks: false, moz:geckodriverVersion: 0.22.0, moz:headless: false, moz:processID: 1312, moz:profile: C:\Users\subh\AppData\Local..., moz:shutdownTimeout: 60000, moz:useNonSpecCompliantPointerOrigin: false, moz:webdriverClick: true, pageLoadStrategy: normal, platform: WINDOWS, platformName: WINDOWS, platformVersion: 10.0, rotatable: false, setWindowRect: true, strictFileInteractability: false, timeouts: {implicit: 0, pageLoad: 300000, script: 30000}, unhandledPromptBehavior: dismiss and notify}
Session ID: 5b199f6b-1f7e-45d8-961b-472ff4fe98d3
*** Element info: {Using=xpath, value=//div[@class='heading' and contains(text(),'Add Contract')]}
at sun.reflect.NativeConstructorAccessorImpl.newInstance0(Native Method)
at sun.reflect.NativeConstructorAccessorImpl.newInstance(Unknown Source)
at sun.reflect.DelegatingConstructorAccessorImpl.newInstance(Unknown Source)
at java.lang.reflect.Constructor.newInstance(Unknown Source)
at org.openqa.selenium.remote.http.W3CHttpResponseCodec.createException(W3CHttpResponseCodec.java:187)
at org.openqa.selenium.remote.http.W3CHttpResponseCodec.decode(W3CHttpResponseCodec.java:122)
at org.openqa.selenium.remote.http.W3CHttpResponseCodec.decode(W3CHttpResponseCodec.java:49)
at org.openqa.selenium.remote.HttpCommandExecutor.execute(HttpCommandExecutor.java:158)
at org.openqa.selenium.remote.service.DriverCommandExecutor.execute(DriverCommandExecutor.java:83)
at org.openqa.selenium.remote.RemoteWebDriver.execute(RemoteWebDriver.java:548)
at org.openqa.selenium.remote.RemoteWebDriver.findElement(RemoteWebDriver.java:322)
at org.openqa.selenium.remote.RemoteWebDriver.findElementByXPath(RemoteWebDriver.java:424)
at org.openqa.selenium.By$ByXPath.findElement(By.java:353)
at org.openqa.selenium.remote.RemoteWebDriver.findElement(RemoteWebDriver.java:314)
at org.openqa.selenium.support.pagefactory.DefaultElementLocator.findElement(DefaultElementLocator.java:69)
at org.openqa.selenium.support.pagefactory.internal.LocatingElementHandler.invoke(LocatingElementHandler.java:38)
at com.sun.proxy.$Proxy9.isDisplayed(Unknown Source)
at org.openqa.selenium.support.ui.ExpectedConditions.elementIfVisible(ExpectedConditions.java:315)
at org.openqa.selenium.support.ui.ExpectedConditions.access$100(ExpectedConditions.java:44)
at org.openqa.selenium.support.ui.ExpectedConditions$10.apply(ExpectedConditions.java:301)
at org.openqa.selenium.support.ui.ExpectedConditions$10.apply(ExpectedConditions.java:298)
at org.openqa.selenium.support.ui.FluentWait.until(FluentWait.java:260)
at pageObjects.BasePage.waitFor(BasePage.java:45)
at pageObjects.BasePage.assertEquals(BasePage.java:161)
at pageObjects.GeneralInfromationObjects.verifyEditContractLandingPage(GeneralInfromationObjects.java:57)
at pageTestCases.EditContractsTests.gotoEditContractScreen(EditContractsTests.java:47)
at sun.reflect.NativeMethodAccessorImpl.invoke0(Native Method)
at sun.reflect.NativeMethodAccessorImpl.invoke(Unknown Source)
at sun.reflect.DelegatingMethodAccessorImpl.invoke(Unknown Source)
at java.lang.reflect.Method.invoke(Unknown Source)
at org.testng.internal.MethodInvocationHelper.invokeMethod(MethodInvocationHelper.java:124)
at org.testng.internal.Invoker.invokeMethod(Invoker.java:583)
at org.testng.internal.Invoker.invokeTestMethod(Invoker.java:719)
at org.testng.internal.Invoker.invokeTestMethods(Invoker.java:989)
at org.testng.internal.TestMethodWorker.invokeTestMethods(TestMethodWorker.java:125)
at org.testng.internal.TestMethodWorker.run(TestMethodWorker.java:109)
at org.testng.TestRunner.privateRun(TestRunner.java:648)
at org.testng.TestRunner.run(TestRunner.java:505)
at org.testng.SuiteRunner.runTest(SuiteRunner.java:455)
at org.testng.SuiteRunner.runSequentially(SuiteRunner.java:450)
at org.testng.SuiteRunner.privateRun(SuiteRunner.java:415)
at org.testng.SuiteRunner.run(SuiteRunner.java:364)
at org.testng.SuiteRunnerWorker.runSuite(SuiteRunnerWorker.java:52)
at org.testng.SuiteRunnerWorker.run(SuiteRunnerWorker.java:84)
at org.testng.TestNG.runSuitesSequentially(TestNG.java:1208)
at org.testng.TestNG.runSuitesLocally(TestNG.java:1137)
at org.testng.TestNG.runSuites(TestNG.java:1049)
at org.testng.TestNG.run(TestNG.java:1017)
at org.testng.remote.AbstractRemoteTestNG.run(AbstractRemoteTestNG.java:114)
at org.testng.remote.RemoteTestNG.initAndRun(RemoteTestNG.java:251)
at org.testng.remote.RemoteTestNG.main(RemoteTestNG.java:77)
]]>
    </error>
  </testcase> <!-- gotoEditContractScreen -->
  <testcase name="addCommercialsMinimumBilling" classname="pageTestCases.EditContractsTests">
    <skipped/>
  </testcase> <!-- addCommercialsMinimumBilling -->
  <testcase name="addCommercialsFixedFee" classname="pageTestCases.EditContractsTests">
    <skipped/>
  </testcase> <!-- addCommercialsFixedFee -->
  <testcase name="addOtherCommercialsLimitationOfLiability" classname="pageTestCases.EditContractsTests">
    <skipped/>
  </testcase> <!-- addOtherCommercialsLimitationOfLiability -->
  <testcase name="addOtherCommercialsLatePaymentFee" classname="pageTestCases.EditContractsTests">
    <skipped/>
  </testcase> <!-- addOtherCommercialsLatePaymentFee -->
  <testcase name="addOtherCommercialsCOLA" classname="pageTestCases.EditContractsTests">
    <skipped/>
  </testcase> <!-- addOtherCommercialsCOLA -->
  <testcase name="addTermsFixedPeriod" classname="pageTestCases.EditContractsTests">
    <skipped/>
  </testcase> <!-- addTermsFixedPeriod -->
  <testcase name="addOtherCommercialsIncentive" classname="pageTestCases.EditContractsTests">
    <skipped/>
  </testcase> <!-- addOtherCommercialsIncentive -->
  <testcase name="addCommercialsTransactionRateVolume" classname="pageTestCases.EditContractsTests">
    <skipped/>
  </testcase> <!-- addCommercialsTransactionRateVolume -->
  <testcase name="addTermsFixedPeriodWithoutRenewal" classname="pageTestCases.EditContractsTests">
    <skipped/>
  </testcase> <!-- addTermsFixedPeriodWithoutRenewal -->
  <testcase name="addGeneralInformation" classname="pageTestCases.EditContractsTests">
    <skipped/>
  </testcase> <!-- addGeneralInformation -->
  <testcase name="addCommercialsTransactionRateStandard" classname="pageTestCases.EditContractsTests">
    <skipped/>
  </testcase> <!-- addCommercialsTransactionRateStandard -->
  <testcase name="addOtherCommercialsTermination" classname="pageTestCases.EditContractsTests">
    <skipped/>
  </testcase> <!-- addOtherCommercialsTermination -->
  <testcase name="addContactPerson" classname="pageTestCases.EditContractsTests">
    <skipped/>
  </testcase> <!-- addContactPerson -->
  <testcase name="addOtherCommercialsEarlyPaymentDiscount" classname="pageTestCases.EditContractsTests">
    <skipped/>
  </testcase> <!-- addOtherCommercialsEarlyPaymentDiscount -->
  <testcase name="addCommercialsTimeAndMaterialModel" classname="pageTestCases.EditContractsTests">
    <skipped/>
  </testcase> <!-- addCommercialsTimeAndMaterialModel -->
  <testcase name="verifyGeneralInformationFieldValidations" classname="pageTestCases.EditContractsTests">
    <skipped/>
  </testcase> <!-- verifyGeneralInformationFieldValidations -->
  <testcase name="addCommercialsGeneralTerms" classname="pageTestCases.EditContractsTests">
    <skipped/>
  </testcase> <!-- addCommercialsGeneralTerms -->
  <testcase name="addOtherCommercialsPenalty" classname="pageTestCases.EditContractsTests">
    <skipped/>
  </testcase> <!-- addOtherCommercialsPenalty -->
  <testcase name="addTermsOpenEndedContracts" classname="pageTestCases.EditContractsTests">
    <skipped/>
  </testcase> <!-- addTermsOpenEndedContracts -->
</testsuite> <!-- pageTestCases.EditContractsTests -->
